<?xml version="1.0" encoding="UTF-8"?>
<!-- Generated by org.testng.reporters.JUnitReportReporter -->
<testsuite hostname="BINTERNS-QA47L" failures="0" tests="1" name="UBERTESTCASE.HomepageTest1" time="0.974" errors="0" timestamp="2023-05-09T12:13:54 IST" skipped="0">
  <testcase classname="UBERTESTCASE.HomepageTest1" name="ridenow" time="0.974"/>
  <system-out/>
</testsuite> <!-- UBERTESTCASE.HomepageTest1 -->
