<?xml version="1.0" encoding="UTF-8"?>
<!-- Generated by org.testng.reporters.JUnitReportReporter -->
<testsuite hostname="BINTERNS-QA47L" failures="0" tests="18" name="UBERTESTCASE.FreightTest" time="60.360" errors="0" timestamp="2023-05-18T14:36:45 IST" skipped="0">
  <testcase classname="UBERTESTCASE.FreightTest" name="LogoF_check" time="0.041"/>
  <system-out/>
  <testcase classname="UBERTESTCASE.FreightTest" name="Shipperb_Check" time="4.440"/>
  <system-out/>
  <testcase classname="UBERTESTCASE.FreightTest" name="Carrierbt_Check" time="3.599"/>
  <system-out/>
  <testcase classname="UBERTESTCASE.FreightTest" name="Resourcebt_ch" time="0.099"/>
  <system-out/>
  <testcase classname="UBERTESTCASE.FreightTest" name="resourceitems_check" time="4.608"/>
  <system-out/>
  <testcase classname="UBERTESTCASE.FreightTest" name="Company_btCheck" time="0.100"/>
  <system-out/>
  <testcase classname="UBERTESTCASE.FreightTest" name="CompanuItem_ch" time="1.610"/>
  <system-out/>
  <testcase classname="UBERTESTCASE.FreightTest" name="support_btCheck" time="0.096"/>
  <system-out/>
  <testcase classname="UBERTESTCASE.FreightTest" name="supportItem_ch" time="5.372"/>
  <system-out/>
  <testcase classname="UBERTESTCASE.FreightTest" name="ship_with" time="5.600"/>
  <system-out/>
  <testcase classname="UBERTESTCASE.FreightTest" name="Request_demo" time="6.709"/>
  <system-out/>
  <testcase classname="UBERTESTCASE.FreightTest" name="Request_details" time="0.708"/>
  <system-out/>
  <testcase classname="UBERTESTCASE.FreightTest" name="CoonectWithexpert" time="4.711"/>
  <system-out/>
  <testcase classname="UBERTESTCASE.FreightTest" name="playvideo" time="5.926"/>
  <system-out/>
  <testcase classname="UBERTESTCASE.FreightTest" name="language_cha" time="7.756"/>
  <system-out/>
  <testcase classname="UBERTESTCASE.FreightTest" name="Modes_chec" time="2.546"/>
  <system-out/>
  <testcase classname="UBERTESTCASE.FreightTest" name="cross_chec" time="4.260"/>
  <system-out/>
  <testcase classname="UBERTESTCASE.FreightTest" name="sc_check" time="2.179"/>
  <system-out/>
</testsuite> <!-- UBERTESTCASE.FreightTest -->
