<?xml version="1.0" encoding="UTF-8"?>
<!-- Generated by org.testng.reporters.JUnitReportReporter -->
<testsuite hostname="BINTERNS-QA47L" failures="0" tests="1" name="UBERTESTCASE.logintest" time="12.164" errors="0" timestamp="2023-05-02T11:26:04 IST" skipped="0">
  <testcase classname="UBERTESTCASE.logintest" name="login" time="12.164"/>
  <system-out/>
</testsuite> <!-- UBERTESTCASE.logintest -->
